<?xml version="1.0" encoding="UTF-8"?>
<testsuite name="io.reflectoring.reviewapp.adapter.persistence.ItemListPerssitenceAdapterIntegrationEmTest" tests="1" skipped="0" failures="0" errors="0" timestamp="2020-02-06T15:51:51" hostname="DESKTOP-3KTSPNG" time="0.337">
  <properties/>
  <testcase name="prueba1()" classname="io.reflectoring.reviewapp.adapter.persistence.ItemListPerssitenceAdapterIntegrationEmTest" time="0.337"/>
  <system-out><![CDATA[10:51:46.477 [Test worker] DEBUG org.springframework.test.context.BootstrapUtils - Instantiating CacheAwareContextLoaderDelegate from class [org.springframework.test.context.cache.DefaultCacheAwareContextLoaderDelegate]
10:51:46.491 [Test worker] DEBUG org.springframework.test.context.BootstrapUtils - Instantiating BootstrapContext using constructor [public org.springframework.test.context.support.DefaultBootstrapContext(java.lang.Class,org.springframework.test.context.CacheAwareContextLoaderDelegate)]
10:51:46.506 [Test worker] DEBUG org.springframework.test.context.BootstrapUtils - Instantiating TestContextBootstrapper for test class [io.reflectoring.reviewapp.adapter.persistence.ItemListPerssitenceAdapterIntegrationEmTest] from class [org.springframework.boot.test.autoconfigure.data.mongo.DataMongoTestContextBootstrapper]
10:51:46.515 [Test worker] INFO org.springframework.boot.test.autoconfigure.data.mongo.DataMongoTestContextBootstrapper - Neither @ContextConfiguration nor @ContextHierarchy found for test class [io.reflectoring.reviewapp.adapter.persistence.ItemListPerssitenceAdapterIntegrationEmTest], using SpringBootContextLoader
10:51:46.517 [Test worker] DEBUG org.springframework.test.context.support.AbstractContextLoader - Did not detect default resource location for test class [io.reflectoring.reviewapp.adapter.persistence.ItemListPerssitenceAdapterIntegrationEmTest]: class path resource [io/reflectoring/reviewapp/adapter/persistence/ItemListPerssitenceAdapterIntegrationEmTest-context.xml] does not exist
10:51:46.518 [Test worker] DEBUG org.springframework.test.context.support.AbstractContextLoader - Did not detect default resource location for test class [io.reflectoring.reviewapp.adapter.persistence.ItemListPerssitenceAdapterIntegrationEmTest]: class path resource [io/reflectoring/reviewapp/adapter/persistence/ItemListPerssitenceAdapterIntegrationEmTestContext.groovy] does not exist
10:51:46.518 [Test worker] INFO org.springframework.test.context.support.AbstractContextLoader - Could not detect default resource locations for test class [io.reflectoring.reviewapp.adapter.persistence.ItemListPerssitenceAdapterIntegrationEmTest]: no resource found for suffixes {-context.xml, Context.groovy}.
10:51:46.518 [Test worker] INFO org.springframework.test.context.support.AnnotationConfigContextLoaderUtils - Could not detect default configuration classes for test class [io.reflectoring.reviewapp.adapter.persistence.ItemListPerssitenceAdapterIntegrationEmTest]: ItemListPerssitenceAdapterIntegrationEmTest does not declare any static, non-private, non-final, nested classes annotated with @Configuration.
10:51:46.606 [Test worker] DEBUG org.springframework.context.annotation.ClassPathScanningCandidateComponentProvider - Identified candidate component class: file [C:\Users\Jeisson Palacio\Desktop\Proyecto\todolist-p\inventory-todollist-p\adapters\persistence\build\classes\java\test\io\reflectoring\reviewapp\adapter\persistence\PersistenceAdapterTestConfiguration.class]
10:51:46.619 [Test worker] INFO org.springframework.boot.test.context.SpringBootTestContextBootstrapper - Found @SpringBootConfiguration io.reflectoring.reviewapp.adapter.persistence.PersistenceAdapterTestConfiguration for test class io.reflectoring.reviewapp.adapter.persistence.ItemListPerssitenceAdapterIntegrationEmTest
10:51:46.620 [Test worker] DEBUG org.springframework.boot.test.autoconfigure.data.mongo.DataMongoTestContextBootstrapper - @TestExecutionListeners is not present for class [io.reflectoring.reviewapp.adapter.persistence.ItemListPerssitenceAdapterIntegrationEmTest]: using defaults.
10:51:46.621 [Test worker] INFO org.springframework.boot.test.autoconfigure.data.mongo.DataMongoTestContextBootstrapper - Loaded default TestExecutionListener class names from location [META-INF/spring.factories]: [org.springframework.boot.test.autoconfigure.restdocs.RestDocsTestExecutionListener, org.springframework.boot.test.autoconfigure.web.client.MockRestServiceServerResetTestExecutionListener, org.springframework.boot.test.autoconfigure.web.servlet.MockMvcPrintOnlyOnFailureTestExecutionListener, org.springframework.boot.test.autoconfigure.web.servlet.WebDriverTestExecutionListener, org.springframework.boot.test.mock.mockito.MockitoTestExecutionListener, org.springframework.boot.test.mock.mockito.ResetMocksTestExecutionListener, org.springframework.test.context.web.ServletTestExecutionListener, org.springframework.test.context.support.DirtiesContextBeforeModesTestExecutionListener, org.springframework.test.context.support.DependencyInjectionTestExecutionListener, org.springframework.test.context.support.DirtiesContextTestExecutionListener, org.springframework.test.context.transaction.TransactionalTestExecutionListener, org.springframework.test.context.jdbc.SqlScriptsTestExecutionListener]
10:51:46.628 [Test worker] DEBUG org.springframework.boot.test.autoconfigure.data.mongo.DataMongoTestContextBootstrapper - Skipping candidate TestExecutionListener [org.springframework.test.context.web.ServletTestExecutionListener] due to a missing dependency. Specify custom listener classes or make the default listener classes and their required dependencies available. Offending class: [javax/servlet/ServletContext]
10:51:46.635 [Test worker] INFO org.springframework.boot.test.autoconfigure.data.mongo.DataMongoTestContextBootstrapper - Using TestExecutionListeners: [org.springframework.test.context.support.DirtiesContextBeforeModesTestExecutionListener@efd3180, org.springframework.boot.test.mock.mockito.MockitoTestExecutionListener@6b0190c3, org.springframework.boot.test.autoconfigure.SpringBootDependencyInjectionTestExecutionListener@4201f862, org.springframework.test.context.support.DirtiesContextTestExecutionListener@17b86d73, org.springframework.test.context.transaction.TransactionalTestExecutionListener@702e3f35, org.springframework.test.context.jdbc.SqlScriptsTestExecutionListener@174e3e7b, org.springframework.boot.test.autoconfigure.restdocs.RestDocsTestExecutionListener@5ac10618, org.springframework.boot.test.autoconfigure.web.client.MockRestServiceServerResetTestExecutionListener@e463bc6, org.springframework.boot.test.autoconfigure.web.servlet.MockMvcPrintOnlyOnFailureTestExecutionListener@f906aac, org.springframework.boot.test.autoconfigure.web.servlet.WebDriverTestExecutionListener@69cb20c3, org.springframework.boot.test.mock.mockito.ResetMocksTestExecutionListener@3be81a24]
10:51:46.638 [Test worker] DEBUG org.springframework.test.context.support.AbstractDirtiesContextTestExecutionListener - Before test class: context [DefaultTestContext@284372a2 testClass = ItemListPerssitenceAdapterIntegrationEmTest, testInstance = [null], testMethod = [null], testException = [null], mergedContextConfiguration = [MergedContextConfiguration@5b00af75 testClass = ItemListPerssitenceAdapterIntegrationEmTest, locations = '{}', classes = '{class io.reflectoring.reviewapp.adapter.persistence.PersistenceAdapterTestConfiguration}', contextInitializerClasses = '[]', activeProfiles = '{test}', propertySourceLocations = '{}', propertySourceProperties = '{org.springframework.boot.test.autoconfigure.data.mongo.DataMongoTestContextBootstrapper=true}', contextCustomizers = set[de.adesso.junitinsights.spring.BenchmarkContextCustomizerFactory$createContextCustomizer$1@10bb6acc, org.springframework.boot.test.autoconfigure.OverrideAutoConfigurationContextCustomizerFactory$DisableAutoConfigurationContextCustomizer@1e8ce07c, org.springframework.boot.test.autoconfigure.filter.TypeExcludeFiltersContextCustomizer@351584c0, org.springframework.boot.test.autoconfigure.properties.PropertyMappingContextCustomizer@ac766115, org.springframework.boot.test.autoconfigure.web.servlet.WebDriverContextCustomizerFactory$Customizer@5b8ddd52, [ImportsContextCustomizer@452dd438 key = [io.reflectoring.reviewapp.adapter.persistence.PersistenceEmbeConfiguration, Package Import io.reflectoring.reviewapp.adapter.persistence, org.springframework.boot.autoconfigure.cache.CacheAutoConfiguration, org.springframework.boot.autoconfigure.data.mongo.MongoDataAutoConfiguration, org.springframework.boot.autoconfigure.data.mongo.MongoReactiveDataAutoConfiguration, org.springframework.boot.autoconfigure.data.mongo.MongoReactiveRepositoriesAutoConfiguration, org.springframework.boot.autoconfigure.data.mongo.MongoRepositoriesAutoConfiguration, org.springframework.boot.autoconfigure.mongo.MongoAutoConfiguration, org.springframework.boot.autoconfigure.mongo.MongoReactiveAutoConfiguration, org.springframework.boot.autoconfigure.mongo.embedded.EmbeddedMongoAutoConfiguration]], org.springframework.boot.test.context.filter.ExcludeFilterContextCustomizer@67f56d51, org.springframework.boot.test.json.DuplicateJsonObjectContextCustomizerFactory$DuplicateJsonObjectContextCustomizer@32ac4db2, org.springframework.boot.test.mock.mockito.MockitoContextCustomizer@0], contextLoader = 'org.springframework.boot.test.context.SpringBootContextLoader', parent = [null]], attributes = map[[empty]]], class annotated with @DirtiesContext [false] with mode [null].
10:51:46.643 [Test worker] DEBUG org.springframework.test.context.support.DependencyInjectionTestExecutionListener - Performing dependency injection for test context [[DefaultTestContext@284372a2 testClass = ItemListPerssitenceAdapterIntegrationEmTest, testInstance = io.reflectoring.reviewapp.adapter.persistence.ItemListPerssitenceAdapterIntegrationEmTest@22974ea9, testMethod = [null], testException = [null], mergedContextConfiguration = [MergedContextConfiguration@5b00af75 testClass = ItemListPerssitenceAdapterIntegrationEmTest, locations = '{}', classes = '{class io.reflectoring.reviewapp.adapter.persistence.PersistenceAdapterTestConfiguration}', contextInitializerClasses = '[]', activeProfiles = '{test}', propertySourceLocations = '{}', propertySourceProperties = '{org.springframework.boot.test.autoconfigure.data.mongo.DataMongoTestContextBootstrapper=true}', contextCustomizers = set[de.adesso.junitinsights.spring.BenchmarkContextCustomizerFactory$createContextCustomizer$1@10bb6acc, org.springframework.boot.test.autoconfigure.OverrideAutoConfigurationContextCustomizerFactory$DisableAutoConfigurationContextCustomizer@1e8ce07c, org.springframework.boot.test.autoconfigure.filter.TypeExcludeFiltersContextCustomizer@351584c0, org.springframework.boot.test.autoconfigure.properties.PropertyMappingContextCustomizer@ac766115, org.springframework.boot.test.autoconfigure.web.servlet.WebDriverContextCustomizerFactory$Customizer@5b8ddd52, [ImportsContextCustomizer@452dd438 key = [io.reflectoring.reviewapp.adapter.persistence.PersistenceEmbeConfiguration, Package Import io.reflectoring.reviewapp.adapter.persistence, org.springframework.boot.autoconfigure.cache.CacheAutoConfiguration, org.springframework.boot.autoconfigure.data.mongo.MongoDataAutoConfiguration, org.springframework.boot.autoconfigure.data.mongo.MongoReactiveDataAutoConfiguration, org.springframework.boot.autoconfigure.data.mongo.MongoReactiveRepositoriesAutoConfiguration, org.springframework.boot.autoconfigure.data.mongo.MongoRepositoriesAutoConfiguration, org.springframework.boot.autoconfigure.mongo.MongoAutoConfiguration, org.springframework.boot.autoconfigure.mongo.MongoReactiveAutoConfiguration, org.springframework.boot.autoconfigure.mongo.embedded.EmbeddedMongoAutoConfiguration]], org.springframework.boot.test.context.filter.ExcludeFilterContextCustomizer@67f56d51, org.springframework.boot.test.json.DuplicateJsonObjectContextCustomizerFactory$DuplicateJsonObjectContextCustomizer@32ac4db2, org.springframework.boot.test.mock.mockito.MockitoContextCustomizer@0], contextLoader = 'org.springframework.boot.test.context.SpringBootContextLoader', parent = [null]], attributes = map[[empty]]]].
10:51:46.739 [Test worker] DEBUG org.springframework.test.context.support.TestPropertySourceUtils - Adding inlined properties to environment: {spring.jmx.enabled=false, org.springframework.boot.test.autoconfigure.data.mongo.DataMongoTestContextBootstrapper=true, server.port=-1}

  .   ____          _            __ _ _
 /\\ / ___'_ __ _ _(_)_ __  __ _ \ \ \ \
( ( )\___ | '_ | '_| | '_ \/ _` | \ \ \ \
 \\/  ___)| |_)| | | | | || (_| |  ) ) ) )
  '  |____| .__|_| |_|_| |_\__, | / / / /
 =========|_|==============|___/=/_/_/_/
 :: Spring Boot ::        (v2.1.5.RELEASE)

2020-02-06 10:51:47 - INFO Starting ItemListPerssitenceAdapterIntegrationEmTest on DESKTOP-3KTSPNG with PID 7740 (started by Jeisson Palacio in C:\Users\Jeisson Palacio\Desktop\Proyecto\todolist-p\inventory-todollist-p\adapters\persistence)
2020-02-06 10:51:47 - INFO The following profiles are active: test
2020-02-06 10:51:47 - INFO Multiple Spring Data modules found, entering strict repository configuration mode!
2020-02-06 10:51:47 - INFO Bootstrapping Spring Data repositories in DEFAULT mode.
2020-02-06 10:51:47 - INFO Finished Spring Data repository scanning in 58ms. Found 2 repository interfaces.
2020-02-06 10:51:48 - INFO note: noprealloc may hurt performance in many applications
2020-02-06 10:51:48 - INFO 2020-02-06T10:51:48.808-0500 I CONTROL  [initandlisten] MongoDB starting : pid=17276 port=62656 dbpath=C:\Users\JEISSO~1\AppData\Local\Temp\embedmongo-db-94131e96-4abc-49d7-ace6-bccd35562157 64-bit host=DESKTOP-3KTSPNG
2020-02-06 10:51:48 - INFO 2020-02-06T10:51:48.809-0500 I CONTROL  [initandlisten] targetMinOS: Windows Vista/Windows Server 2008
2020-02-06 10:51:48 - INFO 2020-02-06T10:51:48.809-0500 I CONTROL  [initandlisten] db version v3.5.5
2020-02-06 10:51:48 - INFO 2020-02-06T10:51:48.809-0500 I CONTROL  [initandlisten] git version: 98515c812b6fa893613f063dae568ff8319cbfbd
2020-02-06 10:51:48 - INFO 2020-02-06T10:51:48.809-0500 I CONTROL  [initandlisten] allocator: tcmalloc
2020-02-06 10:51:48 - INFO 2020-02-06T10:51:48.809-0500 I CONTROL  [initandlisten] modules: none
2020-02-06 10:51:48 - INFO 2020-02-06T10:51:48.809-0500 I CONTROL  [initandlisten] build environment:
2020-02-06 10:51:48 - INFO 2020-02-06T10:51:48.809-0500 I CONTROL  [initandlisten]     distarch: x86_64
2020-02-06 10:51:48 - INFO 2020-02-06T10:51:48.809-0500 I CONTROL  [initandlisten]     target_arch: x86_64
2020-02-06 10:51:48 - INFO 2020-02-06T10:51:48.809-0500 I CONTROL  [initandlisten] options: { net: { bindIp: "127.0.0.1", http: { enabled: false }, port: 62656 }, security: { authorization: "disabled" }, storage: { dbPath: "C:\Users\JEISSO~1\AppData\Local\Temp\embedmongo-db-94131e96-4abc-49d7-ace6-bccd35562157", journal: { enabled: false }, mmapv1: { preallocDataFiles: false, smallFiles: true }, syncPeriodSecs: 0.0 } }
2020-02-06 10:51:48 - INFO 2020-02-06T10:51:48.811-0500 I STORAGE  [initandlisten] wiredtiger_open config: create,cache_size=3471M,session_max=20000,eviction=(threads_min=4,threads_max=4),config_base=false,statistics=(fast),log=(enabled=true,archive=true,path=journal,compressor=snappy),file_manager=(close_idle_time=100000),checkpoint=(wait=0,log_size=2GB),statistics_log=(wait=0),verbose=(recovery_progress),,log=(enabled=false),
2020-02-06 10:51:48 - INFO 2020-02-06T10:51:48.988-0500 W STORAGE  [initandlisten] Detected configuration for non-active storage engine mmapv1 when current storage engine is wiredTiger
2020-02-06 10:51:48 - INFO 2020-02-06T10:51:48.988-0500 I CONTROL  [initandlisten] 
2020-02-06 10:51:48 - INFO 2020-02-06T10:51:48.988-0500 I CONTROL  [initandlisten] ** NOTE: This is a development version (3.5.5) of MongoDB.
2020-02-06 10:51:48 - INFO 2020-02-06T10:51:48.988-0500 I CONTROL  [initandlisten] **       Not recommended for production.
2020-02-06 10:51:48 - INFO 2020-02-06T10:51:48.988-0500 I CONTROL  [initandlisten] 
2020-02-06 10:51:49 - INFO 2020-02-06T10:51:49.723-0500 W FTDC     [initandlisten] Failed to initialize Performance Counters for FTDC: WindowsPdhError: PdhExpandCounterPathW failed with 'El objeto especificado no se encontrÃ³ en el equipo.' for counter '\Memory\Available Bytes'
2020-02-06 10:51:49 - INFO 2020-02-06T10:51:49.723-0500 I FTDC     [initandlisten] Initializing full-time diagnostic data capture with directory 'C:/Users/JEISSO~1/AppData/Local/Temp/embedmongo-db-94131e96-4abc-49d7-ace6-bccd35562157/diagnostic.data'
2020-02-06 10:51:49 - INFO 2020-02-06T10:51:49.781-0500 I INDEX    [initandlisten] build index on: admin.system.version properties: { v: 2, key: { version: 1 }, name: "incompatible_with_version_32", ns: "admin.system.version" }
2020-02-06 10:51:49 - INFO 2020-02-06T10:51:49.781-0500 I INDEX    [initandlisten] 	 building index using bulk method; build may temporarily use up to 500 megabytes of RAM
2020-02-06 10:51:49 - INFO 2020-02-06T10:51:49.786-0500 I INDEX    [initandlisten] build index done.  scanned 0 total records. 0 secs
2020-02-06 10:51:49 - INFO 2020-02-06T10:51:49.786-0500 I COMMAND  [initandlisten] setting featureCompatibilityVersion to 3.4
2020-02-06 10:51:49 - INFO 2020-02-06T10:51:49.787-0500 I NETWORK  [thread1] waiting for connections on port 62656
2020-02-06 10:51:49 - INFO start de.flapdoodle.embed.mongo.config.MongodConfigBuilder$ImmutableMongodConfig@38f94a14
2020-02-06 10:51:50 - INFO Cluster created with settings {hosts=[localhost:62656], mode=MULTIPLE, requiredClusterType=UNKNOWN, serverSelectionTimeout='30000 ms', maxWaitQueueSize=500}
2020-02-06 10:51:50 - INFO Adding discovered server localhost:62656 to client view of cluster
2020-02-06 10:51:50 - INFO 2020-02-06T10:51:50.625-0500 I NETWORK  [thread1] connection accepted from 127.0.0.1:62666 #1 (1 connection now open)
2020-02-06 10:51:50 - INFO 2020-02-06T10:51:50.637-0500 I NETWORK  [conn1] received client metadata from 127.0.0.1:62666 conn1: { driver: { name: "mongo-java-driver", version: "3.8.2" }, os: { type: "Windows", name: "Windows 10", architecture: "amd64", version: "10.0" }, platform: "Java/Oracle Corporation/1.8.0_231-b11" }
2020-02-06 10:51:50 - INFO Opened connection [connectionId{localValue:1, serverValue:1}] to localhost:62656
2020-02-06 10:51:50 - INFO Monitor thread successfully connected to server with description ServerDescription{address=localhost:62656, type=STANDALONE, state=CONNECTED, ok=true, version=ServerVersion{versionList=[3, 5, 5]}, minWireVersion=0, maxWireVersion=5, maxDocumentSize=16777216, logicalSessionTimeoutMinutes=null, roundTripTimeNanos=1247800}
2020-02-06 10:51:50 - INFO Discovered cluster type of STANDALONE
2020-02-06 10:51:51 - INFO Started ItemListPerssitenceAdapterIntegrationEmTest in 4.316 seconds (JVM running for 5.398)
2020-02-06 10:51:51 - INFO 2020-02-06T10:51:51.319-0500 I NETWORK  [thread1] connection accepted from 127.0.0.1:62667 #2 (2 connections now open)
2020-02-06 10:51:51 - INFO 2020-02-06T10:51:51.320-0500 I NETWORK  [conn2] received client metadata from 127.0.0.1:62667 conn2: { driver: { name: "mongo-java-driver", version: "3.8.2" }, os: { type: "Windows", name: "Windows 10", architecture: "amd64", version: "10.0" }, platform: "Java/Oracle Corporation/1.8.0_231-b11" }
2020-02-06 10:51:51 - INFO Opened connection [connectionId{localValue:2, serverValue:2}] to localhost:62656
]]></system-out>
  <system-err><![CDATA[]]></system-err>
</testsuite>
